{"name":"Runs Cucumber Feature","status":"broken","statusDetails":{"known":false,"muted":false,"flaky":false,"message":"cucumber.runtime.CucumberException: Arity mismatch: Step Definition 'stepdefinitions.MovieTicketBookingStepDefinition.dataForMovieBooking(DataTable) in file:/C:/Users/Srikala_Kuna/eclipse-workspace/MovieTicketBookingBDDAutomation/target/classes/' with pattern [^user enters details for movie booking$] is declared with 1 parameters. However, the gherkin step has 0 arguments []. \nStep: When user enters details for movie booking","trace":"cucumber.runtime.CucumberException: cucumber.runtime.CucumberException: Arity mismatch: Step Definition 'stepdefinitions.MovieTicketBookingStepDefinition.dataForMovieBooking(DataTable) in file:/C:/Users/Srikala_Kuna/eclipse-workspace/MovieTicketBookingBDDAutomation/target/classes/' with pattern [^user enters details for movie booking$] is declared with 1 parameters. However, the gherkin step has 0 arguments []. \nStep: When user enters details for movie booking\r\n\tat cucumber.api.testng.TestNGCucumberRunner.runCucumber(TestNGCucumberRunner.java:69)\r\n\tat myrunner.Runner.feature(Runner.java:28)\r\n\tat sun.reflect.NativeMethodAccessorImpl.invoke0(Native Method)\r\n\tat sun.reflect.NativeMethodAccessorImpl.invoke(Unknown Source)\r\n\tat sun.reflect.DelegatingMethodAccessorImpl.invoke(Unknown Source)\r\n\tat java.lang.reflect.Method.invoke(Unknown Source)\r\n\tat org.testng.internal.MethodInvocationHelper.invokeMethod(MethodInvocationHelper.java:133)\r\n\tat org.testng.internal.TestInvoker.invokeMethod(TestInvoker.java:584)\r\n\tat org.testng.internal.TestInvoker.invokeTestMethod(TestInvoker.java:172)\r\n\tat org.testng.internal.TestMethodWithDataProviderMethodWorker.call(TestMethodWithDataProviderMethodWorker.java:77)\r\n\tat org.testng.internal.TestMethodWithDataProviderMethodWorker.call(TestMethodWithDataProviderMethodWorker.java:15)\r\n\tat java.util.concurrent.FutureTask.run(Unknown Source)\r\n\tat java.util.concurrent.Executors$RunnableAdapter.call(Unknown Source)\r\n\tat java.util.concurrent.FutureTask.run(Unknown Source)\r\n\tat java.util.concurrent.ThreadPoolExecutor.runWorker(Unknown Source)\r\n\tat java.util.concurrent.ThreadPoolExecutor$Worker.run(Unknown Source)\r\n\tat java.lang.Thread.run(Unknown Source)\r\nCaused by: cucumber.runtime.CucumberException: Arity mismatch: Step Definition 'stepdefinitions.MovieTicketBookingStepDefinition.dataForMovieBooking(DataTable) in file:/C:/Users/Srikala_Kuna/eclipse-workspace/MovieTicketBookingBDDAutomation/target/classes/' with pattern [^user enters details for movie booking$] is declared with 1 parameters. However, the gherkin step has 0 arguments []. \nStep: When user enters details for movie booking\r\n\tat cucumber.runtime.StepDefinitionMatch.arityMismatch(StepDefinitionMatch.java:100)\r\n\tat cucumber.runtime.StepDefinitionMatch.transformedArgs(StepDefinitionMatch.java:60)\r\n\tat cucumber.runtime.StepDefinitionMatch.runStep(StepDefinitionMatch.java:37)\r\n\tat cucumber.runtime.Runtime.runStep(Runtime.java:298)\r\n\tat cucumber.runtime.model.StepContainer.runStep(StepContainer.java:44)\r\n\tat cucumber.runtime.model.StepContainer.runSteps(StepContainer.java:39)\r\n\tat cucumber.runtime.model.CucumberScenario.run(CucumberScenario.java:48)\r\n\tat cucumber.runtime.model.CucumberScenarioOutline.run(CucumberScenarioOutline.java:46)\r\n\tat cucumber.runtime.model.CucumberFeature.run(CucumberFeature.java:163)\r\n\tat cucumber.api.testng.TestNGCucumberRunner.runCucumber(TestNGCucumberRunner.java:63)\r\n\t... 16 more\r\n"},"stage":"finished","steps":[],"attachments":[],"parameters":[{"name":"arg0","value":"Movie ticket booking feature"}],"start":1576485583175,"stop":1576485593122,"uuid":"d185b071-3681-4cdc-ad2b-3543ce91c0db","historyId":"970de0b4683b2531f435474f241559ba","fullName":"myrunner.Runner.feature","labels":[{"name":"package","value":"myrunner.Runner"},{"name":"testClass","value":"myrunner.Runner"},{"name":"testMethod","value":"feature"},{"name":"parentSuite","value":"Default suite"},{"name":"suite","value":"Default test"},{"name":"subSuite","value":"myrunner.Runner"},{"name":"host","value":"EPINHYDW1503"},{"name":"thread","value":"10076@EPINHYDW1503.TestNG-PoolService-0(12)"},{"name":"framework","value":"testng"},{"name":"language","value":"java"}],"links":[]}